<?xml version="1.0" encoding="UTF-8" ?>
<testsuite tests="3" failures="0" name="com.glady.backend.challenge.MealDepositServiceTest" time="0.05" errors="0" skipped="0">
  <properties>
    <property name="java.runtime.name" value="OpenJDK Runtime Environment"/>
    <property name="idea.version" value="2022.1"/>
    <property name="java.vm.version" value="11.0.14.1+1"/>
    <property name="sun.boot.library.path" value="C:\Users\Boudrissi\.jdks\temurin-11.0.14.1\bin"/>
    <property name="maven.multiModuleProjectDirectory" value="D:\Downloads\Spring Professional Certification Exam Tutorial\glady"/>
    <property name="java.vm.vendor" value="Eclipse Adoptium"/>
    <property name="java.vendor.url" value="https://adoptium.net/"/>
    <property name="path.separator" value=";"/>
    <property name="guice.disable.misplaced.annotation.check" value="true"/>
    <property name="java.vm.name" value="OpenJDK 64-Bit Server VM"/>
    <property name="user.country" value="US"/>
    <property name="sun.java.launcher" value="SUN_STANDARD"/>
    <property name="user.script" value=""/>
    <property name="sun.os.patch.level" value=""/>
    <property name="user.dir" value="D:\Downloads\Spring Professional Certification Exam Tutorial\glady"/>
    <property name="java.vm.compressedOopsMode" value="Zero based"/>
    <property name="java.vm.specification.name" value="Java Virtual Machine Specification"/>
    <property name="java.runtime.version" value="11.0.14.1+1"/>
    <property name="java.awt.graphicsenv" value="sun.awt.Win32GraphicsEnvironment"/>
    <property name="os.arch" value="amd64"/>
    <property name="java.io.tmpdir" value="C:\Users\BOUDRI~1\AppData\Local\Temp\"/>
    <property name="line.separator" value="
"/>
    <property name="java.vm.specification.vendor" value="Oracle Corporation"/>
    <property name="user.variant" value=""/>
    <property name="os.name" value="Windows 10"/>
    <property name="maven.ext.class.path" value="D:\Program Files\JetBrains\IntelliJ IDEA 2022.1\plugins\maven\lib\maven-event-listener.jar"/>
    <property name="classworlds.conf" value="D:\Program Files\JetBrains\IntelliJ IDEA 2022.1\plugins\maven\lib\maven3\bin\m2.conf"/>
    <property name="sun.jnu.encoding" value="Cp1252"/>
    <property name="java.library.path" value="C:\Users\Boudrissi\.jdks\temurin-11.0.14.1\bin;C:\WINDOWS\Sun\Java\bin;C:\WINDOWS\system32;C:\WINDOWS;C:\Program Files (x86)\Common Files\Intel\Shared Libraries\redist\intel64\compiler;C:\Program Files\Java\jdk-13.0.2\bin;C:\Program Files (x86)\Intel\Intel(R) Management Engine Components\iCLS\;C:\Program Files\Intel\Intel(R) Management Engine Components\iCLS\;C:\Windows\system32;C:\Windows;C:\gradle-6.1.1\bin;C:\Windows\System32\Wbem;C:\Windows\System32\WindowsPowerShell\v1.0\;C:\Program Files (x86)\NVIDIA Corporation\PhysX\Common;C:\Program Files (x86)\Intel\Intel(R) Management Engine Components\DAL;C:\Program Files\Intel\Intel(R) Management Engine Components\DAL;C:\Program Files (x86)\Intel\Intel(R) Management Engine Components\IPT;C:\Program Files\Intel\Intel(R) Management Engine Components\IPT;C:\WINDOWS\system32;C:\WINDOWS;C:\WINDOWS\System32\Wbem;C:\WINDOWS\System32\WindowsPowerShell\v1.0\;C:\WINDOWS\System32\OpenSSH\;C:\Users\Med Network\AppData\Local\Microsoft\WindowsApps;C:\Program Files\nodejs\;C:\Program Files\Git\cmd;C:\Program Files (x86)\Calibre2\;C:\gradle-6.1.1;;C:\WINDOWS\system32;C:\WINDOWS;C:\WINDOWS\System32\Wbem;C:\WINDOWS\System32\WindowsPowerShell\v1.0\;C:\WINDOWS\System32\OpenSSH\;D:\Downloads\apache-maven-3.6.3-bin\apache-maven-3.6.3\bin;C:\Users\Boudrissi\.android;C:\Users\Boudrissi\.android;C:\Users\Boudrissi\AppData\Local\Android\Sdk;C:\Program Files\dotnet\;C:\cmder;C:\Users\Boudrissi\AppData\Local\Microsoft\WindowsApps;C:\Users\Boudrissi\AppData\Roaming\npm;C:\Users\Boudrissi\AppData\Local\Programs\Microsoft VS Code\bin;D:\Program Files\IntelliJ IDEA 2022.1\bin;;C:\Users\Boudrissi\.dotnet\tools;;C:\Program Files\JetBrains\IntelliJ IDEA Community Edition 2021.2.2\bin;;."/>
    <property name="maven.conf" value="D:\Program Files\JetBrains\IntelliJ IDEA 2022.1\plugins\maven\lib\maven3/conf"/>
    <property name="jdk.debug" value="release"/>
    <property name="java.class.version" value="55.0"/>
    <property name="java.specification.name" value="Java Platform API Specification"/>
    <property name="sun.management.compiler" value="HotSpot 64-Bit Tiered Compilers"/>
    <property name="os.version" value="10.0"/>
    <property name="user.home" value="C:\Users\Boudrissi"/>
    <property name="user.timezone" value="Europe/Paris"/>
    <property name="java.awt.printerjob" value="sun.awt.windows.WPrinterJob"/>
    <property name="file.encoding" value="UTF-8"/>
    <property name="java.specification.version" value="11"/>
    <property name="java.class.path" value="D:\Program Files\JetBrains\IntelliJ IDEA 2022.1\plugins\maven\lib\maven3\boot\plexus-classworlds-2.6.0.jar;D:\Program Files\JetBrains\IntelliJ IDEA 2022.1\plugins\maven\lib\maven3\boot\plexus-classworlds.license"/>
    <property name="user.name" value="Boudrissi"/>
    <property name="java.vm.specification.version" value="11"/>
    <property name="sun.arch.data.model" value="64"/>
    <property name="sun.java.command" value="org.codehaus.classworlds.Launcher -Didea.version=2022.1 install"/>
    <property name="java.home" value="C:\Users\Boudrissi\.jdks\temurin-11.0.14.1"/>
    <property name="user.language" value="en"/>
    <property name="java.specification.vendor" value="Oracle Corporation"/>
    <property name="awt.toolkit" value="sun.awt.windows.WToolkit"/>
    <property name="java.vm.info" value="mixed mode"/>
    <property name="java.version" value="11.0.14.1"/>
    <property name="java.vendor" value="Eclipse Adoptium"/>
    <property name="maven.home" value="D:\Program Files\JetBrains\IntelliJ IDEA 2022.1\plugins\maven\lib\maven3"/>
    <property name="file.separator" value="\"/>
    <property name="java.version.date" value="2022-02-08"/>
    <property name="java.vendor.url.bug" value="https://github.com/adoptium/adoptium-support/issues"/>
    <property name="sun.cpu.endian" value="little"/>
    <property name="sun.io.unicode.encoding" value="UnicodeLittle"/>
    <property name="java.vendor.version" value="Temurin-11.0.14.1+1"/>
    <property name="sun.desktop" value="windows"/>
    <property name="sun.cpu.isalist" value="amd64"/>
  </properties>
  <testcase classname="com.glady.backend.challenge.MealDepositServiceTest" name="testExpirationDate" time="0.016"/>
  <testcase classname="com.glady.backend.challenge.MealDepositServiceTest" name="testUsersRegistred" time="0.033"/>
  <testcase classname="com.glady.backend.challenge.MealDepositServiceTest" name="shouldRegisterMealDeposit" time="0.001"/>
</testsuite>